<?xml version="1.0" encoding="UTF-8"?>
<testng-results skipped="0" failed="1" total="3" passed="2">
  <reporter-output>
  </reporter-output>
  <suite name="Suite" duration-ms="26324" started-at="2020-03-30T16:36:42Z" finished-at="2020-03-30T16:37:08Z">
    <groups>
    </groups>
    <test name="Test" duration-ms="26324" started-at="2020-03-30T16:36:42Z" finished-at="2020-03-30T16:37:08Z">
      <class name="com.Facebook.testCases.Addingpost">
        <test-method status="PASS" signature="setUpBrowser()" name="setUpBrowser" is-config="true" duration-ms="5404" started-at="2020-03-30T16:36:36Z" finished-at="2020-03-30T16:36:42Z">
        </test-method>
        <test-method status="PASS" signature="postingOnFaceebook()" name="postingOnFaceebook" duration-ms="26323" started-at="2020-03-30T16:36:42Z" finished-at="2020-03-30T16:37:08Z">
        </test-method>
        <test-method status="PASS" signature="tearDownMethod(org.testng.ITestResult)" name="tearDownMethod" is-config="true" duration-ms="0" started-at="2020-03-30T16:37:08Z" finished-at="2020-03-30T16:37:08Z">
          <params>
            <param index="0">
              <value>
                <![CDATA[[TestResult: postingOnFaceebook STATUS:SUCCESS METHOD:com.Facebook.testCases.Addingpost.postingOnFaceebook()]
]]>
              </value>
            </param>
          </params>
        </test-method>
        <test-method status="PASS" signature="closeBrowser()" name="closeBrowser" is-config="true" duration-ms="1081" started-at="2020-03-30T16:37:08Z" finished-at="2020-03-30T16:37:09Z">
        </test-method>
      </class>
    </test>
  </suite>
  <suite name="Suite" duration-ms="53654" started-at="2020-03-30T16:35:42Z" finished-at="2020-03-30T16:36:35Z">
    <groups>
    </groups>
    <test name="Test" duration-ms="53654" started-at="2020-03-30T16:35:42Z" finished-at="2020-03-30T16:36:35Z">
      <class name="com.Facebook.testCases.LoginTest">
        <test-method status="PASS" signature="setUpBrowser()" name="setUpBrowser" is-config="true" duration-ms="7364" started-at="2020-03-30T16:35:34Z" finished-at="2020-03-30T16:35:42Z">
        </test-method>
        <test-method status="FAIL" signature="facebookLoginTest(java.lang.String, java.lang.String)" name="facebookLoginTest" duration-ms="43575" started-at="2020-03-30T16:35:42Z" finished-at="2020-03-30T16:36:25Z">
          <params>
            <param index="0">
              <value>
                <![CDATA[qwre]]>
              </value>
            </param>
            <param index="1">
              <value>
                <![CDATA[aadfa@123]]>
              </value>
            </param>
          </params>
          <exception class="java.lang.AssertionError">
            <message>
              <![CDATA[expected:<Facebook> but was:<Log in to Facebook | Facebook>]]>
            </message>
            <full-stacktrace>
              <![CDATA[java.lang.AssertionError: expected:<Facebook> but was:<Log in to Facebook | Facebook>
	at org.testng.Assert.fail(Assert.java:89)
	at org.testng.Assert.failNotEquals(Assert.java:489)
	at org.testng.Assert.assertEquals(Assert.java:118)
	at org.testng.Assert.assertEquals(Assert.java:171)
	at org.testng.Assert.assertEquals(Assert.java:181)
	at com.Facebook.Pages.LoginPage.LoginFaceBook(LoginPage.java:60)
	at com.Facebook.testCases.LoginTest.facebookLoginTest(LoginTest.java:16)
	at sun.reflect.NativeMethodAccessorImpl.invoke0(Native Method)
	at sun.reflect.NativeMethodAccessorImpl.invoke(NativeMethodAccessorImpl.java:62)
	at sun.reflect.DelegatingMethodAccessorImpl.invoke(DelegatingMethodAccessorImpl.java:43)
	at java.lang.reflect.Method.invoke(Method.java:498)
	at org.testng.internal.MethodInvocationHelper.invokeMethod(MethodInvocationHelper.java:80)
	at org.testng.internal.Invoker.invokeMethod(Invoker.java:673)
	at org.testng.internal.Invoker.invokeTestMethod(Invoker.java:842)
	at org.testng.internal.Invoker.invokeTestMethods(Invoker.java:1166)
	at org.testng.internal.TestMethodWorker.invokeTestMethods(TestMethodWorker.java:125)
	at org.testng.internal.TestMethodWorker.run(TestMethodWorker.java:109)
	at org.testng.TestRunner.runWorkers(TestRunner.java:1178)
	at org.testng.TestRunner.privateRun(TestRunner.java:757)
	at org.testng.TestRunner.run(TestRunner.java:608)
	at org.testng.SuiteRunner.runTest(SuiteRunner.java:334)
	at org.testng.SuiteRunner.runSequentially(SuiteRunner.java:329)
	at org.testng.SuiteRunner.privateRun(SuiteRunner.java:291)
	at org.testng.SuiteRunner.run(SuiteRunner.java:240)
	at org.testng.SuiteRunnerWorker.runSuite(SuiteRunnerWorker.java:52)
	at org.testng.SuiteRunnerWorker.run(SuiteRunnerWorker.java:86)
	at org.testng.TestNG.runSuitesSequentially(TestNG.java:1158)
	at org.testng.TestNG.runSuitesLocally(TestNG.java:1083)
	at org.testng.TestNG.run(TestNG.java:999)
	at com.Facebook.Utilities.testNGRunner.main(testNGRunner.java:21)
]]>
            </full-stacktrace>
          </exception>
        </test-method>
        <test-method status="PASS" signature="tearDownMethod(org.testng.ITestResult)" name="tearDownMethod" is-config="true" duration-ms="642" started-at="2020-03-30T16:36:25Z" finished-at="2020-03-30T16:36:26Z">
          <params>
            <param index="0">
              <value>
                <![CDATA[[TestResult: facebookLoginTest STATUS:FAILURE METHOD:com.Facebook.testCases.LoginTest.facebookLoginTest(java.lang.String, java.lang.String)]
]]>
              </value>
            </param>
          </params>
        </test-method>
        <test-method status="PASS" signature="facebookLoginTest(java.lang.String, java.lang.String)" name="facebookLoginTest" duration-ms="9417" started-at="2020-03-30T16:36:26Z" finished-at="2020-03-30T16:36:35Z">
          <params>
            <param index="0">
              <value>
                <![CDATA[facebooktestingdemo@gmail.com]]>
              </value>
            </param>
            <param index="1">
              <value>
                <![CDATA[Test@1234]]>
              </value>
            </param>
          </params>
        </test-method>
        <test-method status="PASS" signature="tearDownMethod(org.testng.ITestResult)" name="tearDownMethod" is-config="true" duration-ms="0" started-at="2020-03-30T16:36:35Z" finished-at="2020-03-30T16:36:35Z">
          <params>
            <param index="0">
              <value>
                <![CDATA[[TestResult: facebookLoginTest STATUS:SUCCESS METHOD:com.Facebook.testCases.LoginTest.facebookLoginTest(java.lang.String, java.lang.String)]
]]>
              </value>
            </param>
          </params>
        </test-method>
        <test-method status="PASS" signature="closeBrowser()" name="closeBrowser" is-config="true" duration-ms="875" started-at="2020-03-30T16:36:35Z" finished-at="2020-03-30T16:36:36Z">
        </test-method>
      </class>
    </test>
  </suite>
</testng-results>
